{"C:\\Users\\bielt\\OneDrive\\Documentos\\GitHub\\2024-T0003-ES09-G02\\app\\backend\\dtos\\DistribuitionDTO.ts": {"path":"C:\\Users\\bielt\\OneDrive\\Documentos\\GitHub\\2024-T0003-ES09-G02\\app\\backend\\dtos\\DistribuitionDTO.ts","statementMap":{"0":{"start":{"line":3,"column":15},"end":{"line":3,"column":25}},"1":{"start":{"line":4,"column":15},"end":{"line":4,"column":27}},"2":{"start":{"line":5,"column":15},"end":{"line":5,"column":30}},"3":{"start":{"line":6,"column":15},"end":{"line":6,"column":31}},"4":{"start":{"line":7,"column":15},"end":{"line":7,"column":31}},"5":{"start":{"line":8,"column":15},"end":{"line":8,"column":40}},"6":{"start":{"line":9,"column":15},"end":{"line":9,"column":31}},"7":{"start":{"line":10,"column":15},"end":{"line":10,"column":30}},"8":{"start":{"line":11,"column":15},"end":{"line":11,"column":44}},"9":{"start":{"line":12,"column":15},"end":{"line":12,"column":31}},"10":{"start":{"line":13,"column":15},"end":{"line":13,"column":28}},"11":{"start":{"line":14,"column":15},"end":{"line":14,"column":27}},"12":{"start":{"line":15,"column":15},"end":{"line":15,"column":31}},"13":{"start":{"line":16,"column":15},"end":{"line":16,"column":34}},"14":{"start":{"line":17,"column":15},"end":{"line":17,"column":28}},"15":{"start":{"line":18,"column":15},"end":{"line":18,"column":31}},"16":{"start":{"line":1,"column":0},"end":{"line":1,"column":21}}},"fnMap":{"0":{"name":"(anonymous_0)","decl":{"start":{"line":2,"column":4},"end":{"line":2,"column":null}},"loc":{"start":{"line":18,"column":31},"end":{"line":19,"column":8}}}},"branchMap":{},"s":{"0":5,"1":5,"2":5,"3":5,"4":5,"5":5,"6":5,"7":5,"8":5,"9":5,"10":5,"11":5,"12":5,"13":5,"14":5,"15":5,"16":1},"f":{"0":5},"b":{}}
,"C:\\Users\\bielt\\OneDrive\\Documentos\\GitHub\\2024-T0003-ES09-G02\\app\\backend\\dtos\\resarchDTO.ts": {"path":"C:\\Users\\bielt\\OneDrive\\Documentos\\GitHub\\2024-T0003-ES09-G02\\app\\backend\\dtos\\resarchDTO.ts","statementMap":{"0":{"start":{"line":5,"column":15},"end":{"line":5,"column":25}},"1":{"start":{"line":6,"column":15},"end":{"line":6,"column":27}},"2":{"start":{"line":7,"column":15},"end":{"line":7,"column":33}},"3":{"start":{"line":8,"column":15},"end":{"line":8,"column":33}},"4":{"start":{"line":9,"column":15},"end":{"line":9,"column":42}},"5":{"start":{"line":10,"column":15},"end":{"line":10,"column":37}},"6":{"start":{"line":11,"column":15},"end":{"line":11,"column":52}},"7":{"start":{"line":3,"column":0},"end":{"line":3,"column":21}}},"fnMap":{"0":{"name":"(anonymous_0)","decl":{"start":{"line":4,"column":4},"end":{"line":4,"column":null}},"loc":{"start":{"line":11,"column":52},"end":{"line":12,"column":8}}}},"branchMap":{},"s":{"0":7,"1":7,"2":7,"3":7,"4":7,"5":7,"6":7,"7":1},"f":{"0":7},"b":{}}
,"C:\\Users\\bielt\\OneDrive\\Documentos\\GitHub\\2024-T0003-ES09-G02\\app\\backend\\models\\DistribuitionModel.ts": {"path":"C:\\Users\\bielt\\OneDrive\\Documentos\\GitHub\\2024-T0003-ES09-G02\\app\\backend\\models\\DistribuitionModel.ts","statementMap":{"0":{"start":{"line":3,"column":15},"end":{"line":3,"column":25}},"1":{"start":{"line":4,"column":15},"end":{"line":4,"column":27}},"2":{"start":{"line":5,"column":15},"end":{"line":5,"column":30}},"3":{"start":{"line":6,"column":15},"end":{"line":6,"column":31}},"4":{"start":{"line":7,"column":15},"end":{"line":7,"column":31}},"5":{"start":{"line":8,"column":15},"end":{"line":8,"column":40}},"6":{"start":{"line":9,"column":15},"end":{"line":9,"column":31}},"7":{"start":{"line":10,"column":15},"end":{"line":10,"column":30}},"8":{"start":{"line":11,"column":15},"end":{"line":11,"column":44}},"9":{"start":{"line":12,"column":15},"end":{"line":12,"column":31}},"10":{"start":{"line":13,"column":15},"end":{"line":13,"column":28}},"11":{"start":{"line":14,"column":15},"end":{"line":14,"column":27}},"12":{"start":{"line":15,"column":15},"end":{"line":15,"column":31}},"13":{"start":{"line":16,"column":15},"end":{"line":16,"column":34}},"14":{"start":{"line":17,"column":15},"end":{"line":17,"column":28}},"15":{"start":{"line":18,"column":15},"end":{"line":18,"column":31}},"16":{"start":{"line":1,"column":0},"end":{"line":1,"column":21}}},"fnMap":{"0":{"name":"(anonymous_0)","decl":{"start":{"line":2,"column":4},"end":{"line":2,"column":null}},"loc":{"start":{"line":18,"column":31},"end":{"line":19,"column":8}}}},"branchMap":{},"s":{"0":8,"1":8,"2":8,"3":8,"4":8,"5":8,"6":8,"7":8,"8":8,"9":8,"10":8,"11":8,"12":8,"13":8,"14":8,"15":8,"16":1},"f":{"0":8},"b":{}}
,"C:\\Users\\bielt\\OneDrive\\Documentos\\GitHub\\2024-T0003-ES09-G02\\app\\backend\\models\\researchModel.ts": {"path":"C:\\Users\\bielt\\OneDrive\\Documentos\\GitHub\\2024-T0003-ES09-G02\\app\\backend\\models\\researchModel.ts","statementMap":{"0":{"start":{"line":5,"column":15},"end":{"line":5,"column":25}},"1":{"start":{"line":6,"column":15},"end":{"line":6,"column":27}},"2":{"start":{"line":7,"column":15},"end":{"line":7,"column":33}},"3":{"start":{"line":8,"column":15},"end":{"line":8,"column":33}},"4":{"start":{"line":9,"column":15},"end":{"line":9,"column":42}},"5":{"start":{"line":10,"column":15},"end":{"line":10,"column":37}},"6":{"start":{"line":11,"column":15},"end":{"line":11,"column":54}},"7":{"start":{"line":3,"column":0},"end":{"line":3,"column":21}}},"fnMap":{"0":{"name":"(anonymous_0)","decl":{"start":{"line":4,"column":4},"end":{"line":4,"column":null}},"loc":{"start":{"line":11,"column":54},"end":{"line":12,"column":8}}}},"branchMap":{},"s":{"0":6,"1":6,"2":6,"3":6,"4":6,"5":6,"6":6,"7":1},"f":{"0":6},"b":{}}
,"C:\\Users\\bielt\\OneDrive\\Documentos\\GitHub\\2024-T0003-ES09-G02\\app\\backend\\services\\DistribuitionService.ts": {"path":"C:\\Users\\bielt\\OneDrive\\Documentos\\GitHub\\2024-T0003-ES09-G02\\app\\backend\\services\\DistribuitionService.ts","statementMap":{"0":{"start":{"line":3,"column":0},"end":{"line":3,"column":56}},"1":{"start":{"line":4,"column":0},"end":{"line":4,"column":62}},"2":{"start":{"line":9,"column":22},"end":{"line":9,"column":71}},"3":{"start":{"line":12,"column":27},"end":{"line":12,"column":71}},"4":{"start":{"line":13,"column":4},"end":{"line":13,"column":461}},"5":{"start":{"line":13,"column":47},"end":{"line":13,"column":459}},"6":{"start":{"line":17,"column":26},"end":{"line":17,"column":73}},"7":{"start":{"line":18,"column":4},"end":{"line":18,"column":36}},"8":{"start":{"line":18,"column":24},"end":{"line":18,"column":36}},"9":{"start":{"line":19,"column":4},"end":{"line":19,"column":424}},"10":{"start":{"line":23,"column":29},"end":{"line":23,"column":491}},"11":{"start":{"line":24,"column":4},"end":{"line":24,"column":64}},"12":{"start":{"line":25,"column":4},"end":{"line":25,"column":28}},"13":{"start":{"line":29,"column":34},"end":{"line":29,"column":496}},"14":{"start":{"line":30,"column":33},"end":{"line":30,"column":101}},"15":{"start":{"line":31,"column":4},"end":{"line":31,"column":43}},"16":{"start":{"line":31,"column":31},"end":{"line":31,"column":43}},"17":{"start":{"line":32,"column":4},"end":{"line":32,"column":536}},"18":{"start":{"line":36,"column":4},"end":{"line":36,"column":50}},"19":{"start":{"line":40,"column":4},"end":{"line":40,"column":60}},"20":{"start":{"line":44,"column":4},"end":{"line":44,"column":63}},"21":{"start":{"line":8,"column":0},"end":{"line":8,"column":21}}},"fnMap":{"0":{"name":"(anonymous_8)","decl":{"start":{"line":9,"column":2},"end":{"line":9,"column":22}},"loc":{"start":{"line":9,"column":71},"end":{"line":9,"column":75}}},"1":{"name":"(anonymous_9)","decl":{"start":{"line":11,"column":8},"end":{"line":11,"column":28}},"loc":{"start":{"line":11,"column":28},"end":{"line":14,"column":null}}},"2":{"name":"(anonymous_11)","decl":{"start":{"line":13,"column":30},"end":{"line":13,"column":43}},"loc":{"start":{"line":13,"column":47},"end":{"line":13,"column":459}}},"3":{"name":"(anonymous_12)","decl":{"start":{"line":16,"column":8},"end":{"line":16,"column":28}},"loc":{"start":{"line":16,"column":39},"end":{"line":20,"column":null}}},"4":{"name":"(anonymous_14)","decl":{"start":{"line":22,"column":8},"end":{"line":22,"column":27}},"loc":{"start":{"line":22,"column":62},"end":{"line":26,"column":null}}},"5":{"name":"(anonymous_16)","decl":{"start":{"line":28,"column":8},"end":{"line":28,"column":27}},"loc":{"start":{"line":28,"column":74},"end":{"line":33,"column":null}}},"6":{"name":"(anonymous_18)","decl":{"start":{"line":35,"column":8},"end":{"line":35,"column":27}},"loc":{"start":{"line":35,"column":38},"end":{"line":37,"column":null}}},"7":{"name":"(anonymous_20)","decl":{"start":{"line":39,"column":8},"end":{"line":39,"column":18}},"loc":{"start":{"line":39,"column":56},"end":{"line":41,"column":null}}},"8":{"name":"(anonymous_22)","decl":{"start":{"line":43,"column":8},"end":{"line":43,"column":20}},"loc":{"start":{"line":43,"column":31},"end":{"line":45,"column":null}}}},"branchMap":{"0":{"loc":{"start":{"line":18,"column":4},"end":{"line":18,"column":36}},"type":"if","locations":[{"start":{"line":18,"column":4},"end":{"line":18,"column":36}}]},"1":{"loc":{"start":{"line":31,"column":4},"end":{"line":31,"column":43}},"type":"if","locations":[{"start":{"line":31,"column":4},"end":{"line":31,"column":43}}]}},"s":{"0":1,"1":1,"2":1,"3":1,"4":1,"5":2,"6":2,"7":2,"8":1,"9":1,"10":1,"11":1,"12":1,"13":2,"14":2,"15":2,"16":1,"17":1,"18":1,"19":0,"20":0,"21":1},"f":{"0":1,"1":1,"2":2,"3":2,"4":1,"5":2,"6":1,"7":0,"8":0},"b":{"0":[1],"1":[1]}}
,"C:\\Users\\bielt\\OneDrive\\Documentos\\GitHub\\2024-T0003-ES09-G02\\app\\backend\\services\\researchService.ts": {"path":"C:\\Users\\bielt\\OneDrive\\Documentos\\GitHub\\2024-T0003-ES09-G02\\app\\backend\\services\\researchService.ts","statementMap":{"0":{"start":{"line":3,"column":0},"end":{"line":3,"column":45}},"1":{"start":{"line":4,"column":0},"end":{"line":4,"column":52}},"2":{"start":{"line":7,"column":22},"end":{"line":7,"column":61}},"3":{"start":{"line":10,"column":23},"end":{"line":10,"column":62}},"4":{"start":{"line":11,"column":4},"end":{"line":11,"column":212}},"5":{"start":{"line":11,"column":38},"end":{"line":11,"column":210}},"6":{"start":{"line":15,"column":21},"end":{"line":15,"column":63}},"7":{"start":{"line":16,"column":4},"end":{"line":16,"column":31}},"8":{"start":{"line":16,"column":19},"end":{"line":16,"column":31}},"9":{"start":{"line":17,"column":4},"end":{"line":17,"column":184}},"10":{"start":{"line":21,"column":24},"end":{"line":21,"column":219}},"11":{"start":{"line":22,"column":4},"end":{"line":22,"column":54}},"12":{"start":{"line":23,"column":4},"end":{"line":23,"column":23}},"13":{"start":{"line":27,"column":29},"end":{"line":27,"column":224}},"14":{"start":{"line":28,"column":28},"end":{"line":28,"column":86}},"15":{"start":{"line":29,"column":4},"end":{"line":29,"column":38}},"16":{"start":{"line":29,"column":26},"end":{"line":29,"column":38}},"17":{"start":{"line":30,"column":4},"end":{"line":30,"column":233}},"18":{"start":{"line":34,"column":4},"end":{"line":34,"column":45}},"19":{"start":{"line":6,"column":0},"end":{"line":6,"column":21}}},"fnMap":{"0":{"name":"(anonymous_8)","decl":{"start":{"line":7,"column":2},"end":{"line":7,"column":22}},"loc":{"start":{"line":7,"column":61},"end":{"line":7,"column":65}}},"1":{"name":"(anonymous_9)","decl":{"start":{"line":9,"column":8},"end":{"line":9,"column":24}},"loc":{"start":{"line":9,"column":24},"end":{"line":12,"column":null}}},"2":{"name":"(anonymous_11)","decl":{"start":{"line":11,"column":26},"end":{"line":11,"column":34}},"loc":{"start":{"line":11,"column":38},"end":{"line":11,"column":210}}},"3":{"name":"(anonymous_12)","decl":{"start":{"line":14,"column":8},"end":{"line":14,"column":23}},"loc":{"start":{"line":14,"column":34},"end":{"line":18,"column":null}}},"4":{"name":"(anonymous_14)","decl":{"start":{"line":20,"column":8},"end":{"line":20,"column":22}},"loc":{"start":{"line":20,"column":47},"end":{"line":24,"column":null}}},"5":{"name":"(anonymous_16)","decl":{"start":{"line":26,"column":8},"end":{"line":26,"column":22}},"loc":{"start":{"line":26,"column":59},"end":{"line":31,"column":null}}},"6":{"name":"(anonymous_18)","decl":{"start":{"line":33,"column":8},"end":{"line":33,"column":22}},"loc":{"start":{"line":33,"column":33},"end":{"line":35,"column":null}}}},"branchMap":{"0":{"loc":{"start":{"line":16,"column":4},"end":{"line":16,"column":31}},"type":"if","locations":[{"start":{"line":16,"column":4},"end":{"line":16,"column":31}}]},"1":{"loc":{"start":{"line":29,"column":4},"end":{"line":29,"column":38}},"type":"if","locations":[{"start":{"line":29,"column":4},"end":{"line":29,"column":38}}]}},"s":{"0":1,"1":1,"2":1,"3":1,"4":1,"5":2,"6":2,"7":2,"8":1,"9":1,"10":1,"11":1,"12":1,"13":2,"14":2,"15":2,"16":1,"17":1,"18":1,"19":1},"f":{"0":1,"1":1,"2":2,"3":2,"4":1,"5":2,"6":1},"b":{"0":[1],"1":[1]}}
}
