TN:
SF:dtos\DistribuitionDTO.ts
FN:2,(anonymous_0)
FNF:1
FNH:1
FNDA:5,(anonymous_0)
DA:1,1
DA:3,5
DA:4,5
DA:5,5
DA:6,5
DA:7,5
DA:8,5
DA:9,5
DA:10,5
DA:11,5
DA:12,5
DA:13,5
DA:14,5
DA:15,5
DA:16,5
DA:17,5
DA:18,5
LF:17
LH:17
BRF:0
BRH:0
end_of_record
TN:
SF:dtos\resarchDTO.ts
FN:4,(anonymous_0)
FNF:1
FNH:1
FNDA:7,(anonymous_0)
DA:3,1
DA:5,7
DA:6,7
DA:7,7
DA:8,7
DA:9,7
DA:10,7
DA:11,7
LF:8
LH:8
BRF:0
BRH:0
end_of_record
TN:
SF:models\DistribuitionModel.ts
FN:2,(anonymous_0)
FNF:1
FNH:1
FNDA:8,(anonymous_0)
DA:1,1
DA:3,8
DA:4,8
DA:5,8
DA:6,8
DA:7,8
DA:8,8
DA:9,8
DA:10,8
DA:11,8
DA:12,8
DA:13,8
DA:14,8
DA:15,8
DA:16,8
DA:17,8
DA:18,8
LF:17
LH:17
BRF:0
BRH:0
end_of_record
TN:
SF:models\researchModel.ts
FN:4,(anonymous_0)
FNF:1
FNH:1
FNDA:6,(anonymous_0)
DA:3,1
DA:5,6
DA:6,6
DA:7,6
DA:8,6
DA:9,6
DA:10,6
DA:11,6
LF:8
LH:8
BRF:0
BRH:0
end_of_record
TN:
SF:services\DistribuitionService.ts
FN:9,(anonymous_8)
FN:11,(anonymous_9)
FN:13,(anonymous_11)
FN:16,(anonymous_12)
FN:22,(anonymous_14)
FN:28,(anonymous_16)
FN:35,(anonymous_18)
FN:39,(anonymous_20)
FN:43,(anonymous_22)
FNF:9
FNH:7
FNDA:1,(anonymous_8)
FNDA:1,(anonymous_9)
FNDA:2,(anonymous_11)
FNDA:2,(anonymous_12)
FNDA:1,(anonymous_14)
FNDA:2,(anonymous_16)
FNDA:1,(anonymous_18)
FNDA:0,(anonymous_20)
FNDA:0,(anonymous_22)
DA:3,1
DA:4,1
DA:8,1
DA:9,1
DA:12,1
DA:13,2
DA:17,2
DA:18,2
DA:19,1
DA:23,1
DA:24,1
DA:25,1
DA:29,2
DA:30,2
DA:31,2
DA:32,1
DA:36,1
DA:40,0
DA:44,0
LF:19
LH:17
BRDA:18,0,0,1
BRDA:31,1,0,1
BRF:2
BRH:2
end_of_record
TN:
SF:services\researchService.ts
FN:7,(anonymous_8)
FN:9,(anonymous_9)
FN:11,(anonymous_11)
FN:14,(anonymous_12)
FN:20,(anonymous_14)
FN:26,(anonymous_16)
FN:33,(anonymous_18)
FNF:7
FNH:7
FNDA:1,(anonymous_8)
FNDA:1,(anonymous_9)
FNDA:2,(anonymous_11)
FNDA:2,(anonymous_12)
FNDA:1,(anonymous_14)
FNDA:2,(anonymous_16)
FNDA:1,(anonymous_18)
DA:3,1
DA:4,1
DA:6,1
DA:7,1
DA:10,1
DA:11,2
DA:15,2
DA:16,2
DA:17,1
DA:21,1
DA:22,1
DA:23,1
DA:27,2
DA:28,2
DA:29,2
DA:30,1
DA:34,1
LF:17
LH:17
BRDA:16,0,0,1
BRDA:29,1,0,1
BRF:2
BRH:2
end_of_record
